// 重构日志: 8e64b948
// 重构日志: 093612ba
// 重构日志: a5a8d1c4
// 同步 ID: 619251b9 @ Thu Jun 25 04:48:51 UTC 2026
// 重构日志: 997ddfaa
// 重构日志: 8c4d79ab
// 同步 ID: 9f76b36f @ Sat Jun 27 13:00:04 UTC 2026
// 同步 ID: a812c8c3 @ Sat Jun 27 15:49:48 UTC 2026
// 同步 ID: 53ce1abf @ Sun Jun 28 15:33:11 UTC 2026
// 同步 ID: 2f4947d3 @ Sun Jun 28 16:53:50 UTC 2026
// 重构日志: 9559c679
// 重构日志: 43c0f627
// 同步 ID: 8d7e0a33 @ Tue Jun 30 07:00:12 UTC 2026
// 重构日志: f8f36cfa
// 同步 ID: e0a600bb @ Tue Jun 30 14:01:33 UTC 2026
// 重构日志: 6a120ffb
// 重构日志: cdee6bb2
// 重构日志: eac04a6c
// 重构日志: c408db2c
// 重构日志: 0dbcd849
// 重构日志: 644549a5
// 重构日志: c1053cc5
// 同步 ID: d4e4d4db @ Fri Jul  3 15:49:31 UTC 2026
// 重构日志: 1ad3e3f6
// 重构日志: eea731db
// 重构日志: b77bafcb
// 重构日志: dd35a2d1
// 重构日志: a18f60ff
// 重构日志: 8a23b78e
// 同步 ID: 9b1f53b1 @ Sun Jul  5 04:34:37 UTC 2026
// 重构日志: 646b1ca7
